<?xml version="1.0" encoding="UTF-8"?>
<!-- Generated by org.testng.reporters.JUnitReportReporter -->
<testsuite hostname="ShubhoOyndrila" failures="0" tests="2" name="com.automation.TestCaseProblem2" time="0.998" errors="0" timestamp="2023-05-18T01:30:11 BDT" skipped="0">
  <testcase classname="com.automation.TestCaseProblem2" name="isSearchButtonDisplayedAndEnabled" time="0.058"/>
  <system-out/>
  <testcase classname="com.automation.TestCaseProblem2" name="verifySearch" time="0.940"/>
  <system-out/>
</testsuite> <!-- com.automation.TestCaseProblem2 -->
