<?xml version="1.0" encoding="UTF-8"?>
<!-- Generated by org.testng.reporters.JUnitReportReporter -->
<testsuite hostname="ShubhoOyndrila" failures="0" tests="1" name="com.automation.TestCaseProblem2" time="0.090" errors="0" timestamp="2023-05-17T22:47:33 BDT" skipped="0">
  <testcase classname="com.automation.TestCaseProblem2" name="search" time="0.090"/>
  <system-out/>
</testsuite> <!-- com.automation.TestCaseProblem2 -->
