<?xml version="1.0" encoding="UTF-8"?>
<!-- Generated by org.testng.reporters.JUnitReportReporter -->
<testsuite hostname="ShubhoOyndrila" failures="0" tests="2" name="com.juiceshop.testcase.TestCaseProblem2" time="0.921" errors="0" timestamp="2023-05-18T02:18:13 BDT" skipped="0">
  <testcase classname="com.juiceshop.testcase.TestCaseProblem2" name="isSearchButtonDisplayedAndEnabled" time="0.056"/>
  <system-out/>
  <testcase classname="com.juiceshop.testcase.TestCaseProblem2" name="verifySearch" time="0.865"/>
  <system-out/>
</testsuite> <!-- com.juiceshop.testcase.TestCaseProblem2 -->
