<?xml version="1.0" encoding="UTF-8"?>
<!-- Generated by org.testng.reporters.JUnitReportReporter -->
<testsuite hostname="ShubhoOyndrila" failures="0" tests="3" name="com.automation.TestCaseProblem1" time="4.398" errors="0" timestamp="2023-05-17T21:59:28 BDT" skipped="0">
  <testcase classname="com.automation.TestCaseProblem1" name="enterLoginPage" time="0.883"/>
  <system-out/>
  <testcase classname="com.automation.TestCaseProblem1" name="addItem" time="2.301"/>
  <system-out/>
  <testcase classname="com.automation.TestCaseProblem1" name="addAddress" time="1.214"/>
  <system-out/>
</testsuite> <!-- com.automation.TestCaseProblem1 -->
