<?xml version="1.0" encoding="UTF-8"?>
<!-- Generated by org.testng.reporters.JUnitReportReporter -->
<testsuite hostname="ShubhoOyndrila" failures="0" tests="3" name="com.juiceshop.testcase.TestCaseProblem1" time="8.019" errors="0" timestamp="2023-05-18T02:28:10 BDT" skipped="0">
  <testcase classname="com.juiceshop.testcase.TestCaseProblem1" name="enterLoginPage" time="0.828"/>
  <system-out/>
  <testcase classname="com.juiceshop.testcase.TestCaseProblem1" name="addItem" time="1.766"/>
  <system-out/>
  <testcase classname="com.juiceshop.testcase.TestCaseProblem1" name="addAddress" time="5.425"/>
  <system-out/>
</testsuite> <!-- com.juiceshop.testcase.TestCaseProblem1 -->
